<?xml version="1.0" encoding="UTF-8"?>
<!-- Generated by org.testng.reporters.JUnitReportReporter -->
<testsuite skipped="0" hostname="Bubus-PC" name="com.herokuapp.LoginTests" tests="2" failures="0" timestamp="2023-02-08T20:27:28 EET" time="23.151" errors="0">
  <testcase name="login" time="14.335" classname="com.herokuapp.LoginTests"/>
  <system-out/>
  <testcase name="login" time="8.816" classname="com.herokuapp.LoginTests"/>
  <system-out/>
</testsuite> <!-- com.herokuapp.LoginTests -->
