<?xml version="1.0" encoding="UTF-8"?>
<!-- Generated by org.testng.reporters.JUnitReportReporter -->
<testsuite skipped="0" hostname="Bubus-PC" name="com.herokuapp.FileUploadTest" tests="1" failures="0" timestamp="2023-02-08T20:27:28 EET" time="10.754" errors="0">
  <testcase name="fileUploadTest" time="10.754" classname="com.herokuapp.FileUploadTest"/>
  <system-out/>
</testsuite> <!-- com.herokuapp.FileUploadTest -->
